Change Pin Designator/Name:  Old Designator=U1B-1 Old Name=PE2 New Designator =PC5 New Name=55
Change Pin Designator/Name:  Old Designator=U1B-2 Old Name=PE3 New Designator =PA6 New Name=52
Change Pin Designator/Name:  Old Designator=U1B-3 Old Name=PE4 New Designator =PH5 New Name=46
Change Pin Designator/Name:  Old Designator=U1B-4 Old Name=PE5 New Designator =PF9 New Name=27
Change Pin Designator/Name:  Old Designator=U1B-5 Old Name=PE6 New Designator =PH2 New Name=43
Change Pin Designator/Name:  Old Designator=U1C-7 Old Name=PI8 New Designator =PG10 New Name=153
Change Pin Designator/Name:  Old Designator=U1A-8 Old Name=PC13 New Designator =PG0 New Name=66
Change Pin Designator/Name:  Old Designator=U1C-11 Old Name=PI9 New Designator =PG9 New Name=152
Change Pin Designator/Name:  Old Designator=U1C-12 Old Name=PI10 New Designator =PC12 New Name=141
Change Pin Designator/Name:  Old Designator=U1C-13 Old Name=PI11 New Designator =PC11 New Name=140
Change Pin Designator/Name:  Old Designator=U1B-16 Old Name=PF0 New Designator =PH3 New Name=44
Change Pin Designator/Name:  Old Designator=U1B-17 Old Name=PF1 New Designator =PA2 New Name=42
Change Pin Designator/Name:  Old Designator=U1B-18 Old Name=PF2 New Designator =PF8 New Name=26
Change Pin Designator/Name:  Old Designator=U1B-19 Old Name=PF3 New Designator =PA3 New Name=47
Change Pin Designator/Name:  Old Designator=U1B-20 Old Name=PF4 New Designator =PA7 New Name=53
Change Pin Designator/Name:  Old Designator=U1B-21 Old Name=PF5 New Designator =PB0 New Name=56
Change Pin Designator/Name:  Old Designator=U1B-24 Old Name=PF6 New Designator =PF11 New Name=59
Change Pin Designator/Name:  Old Designator=U1B-25 Old Name=PF7 New Designator =PF14 New Name=64
Change Pin Designator/Name:  Old Designator=U1B-26 Old Name=PF8 New Designator =PG1 New Name=67
Change Pin Designator/Name:  Old Designator=U1B-27 Old Name=PF9 New Designator =PB11 New Name=80
Change Pin Designator/Name:  Old Designator=U1B-28 Old Name=PF10 New Designator =PH8 New Name=85
Change Pin Designator/Name:  Old Designator=U1A-42 Old Name=PA2 New Designator =PF6 New Name=24
Change Pin Designator/Name:  Old Designator=U1B-43 Old Name=PH2 New Designator =PF12 New Name=60
Change Pin Designator/Name:  Old Designator=U1B-44 Old Name=PH3 New Designator =PB1 New Name=57
Change Pin Designator/Name:  Old Designator=U1B-45 Old Name=PH4 New Designator =PC4 New Name=54
Change Pin Designator/Name:  Old Designator=U1B-46 Old Name=PH5 New Designator =PF7 New Name=25
Change Pin Designator/Name:  Old Designator=U1A-47 Old Name=PA3 New Designator =PF5 New Name=21
Change Pin Designator/Name:  Old Designator=U1A-52 Old Name=PA6 New Designator =PF3 New Name=19
Change Pin Designator/Name:  Old Designator=U1A-53 Old Name=PA7 New Designator =PF1 New Name=17
Change Pin Designator/Name:  Old Designator=U1A-54 Old Name=PC4 New Designator =PC9 New Name=118
Change Pin Designator/Name:  Old Designator=U1A-55 Old Name=PC5 New Designator =PC6 New Name=115
Change Pin Designator/Name:  Old Designator=U1A-56 Old Name=PB0 New Designator =PI10 New Name=12
Change Pin Designator/Name:  Old Designator=U1A-57 Old Name=PB1 New Designator =PI9 New Name=11
Change Pin Designator/Name:  Old Designator=U1A-58 Old Name=PB2 New Designator =PI8 New Name=7
Change Pin Designator/Name:  Old Designator=U1B-59 Old Name=PF11 New Designator =PH11 New Name=88
Change Pin Designator/Name:  Old Designator=U1B-60 Old Name=PF12 New Designator =PB12 New Name=92
Change Pin Designator/Name:  Old Designator=U1B-63 Old Name=PF13 New Designator =PB15 New Name=95
Change Pin Designator/Name:  Old Designator=U1B-64 Old Name=PF14 New Designator =PG4 New Name=108
Change Pin Designator/Name:  Old Designator=U1B-65 Old Name=PF15 New Designator =PG7 New Name=111
Change Pin Designator/Name:  Old Designator=U1B-66 Old Name=PG0 New Designator =PC7 New Name=116
Change Pin Designator/Name:  Old Designator=U1B-67 Old Name=PG1 New Designator =PI3 New Name=134
Change Pin Designator/Name:  Old Designator=U1A-79 Old Name=PB10 New Designator =PB5 New Name=163
Change Pin Designator/Name:  Old Designator=U1A-80 Old Name=PB11 New Designator =PB3 New Name=161
Change Pin Designator/Name:  Old Designator=U1B-83 Old Name=PH6 New Designator =PH4 New Name=45
Change Pin Designator/Name:  Old Designator=U1B-84 Old Name=PH7 New Designator =PF10 New Name=28
Change Pin Designator/Name:  Old Designator=U1B-85 Old Name=PH8 New Designator =PF4 New Name=20
Change Pin Designator/Name:  Old Designator=U1B-86 Old Name=PH9 New Designator =PF2 New Name=18
Change Pin Designator/Name:  Old Designator=U1B-87 Old Name=PH10 New Designator =PF0 New Name=16
Change Pin Designator/Name:  Old Designator=U1B-88 Old Name=PH11 New Designator =PI11 New Name=13
Change Pin Designator/Name:  Old Designator=U1B-89 Old Name=PH12 New Designator =PC13 New Name=8
Change Pin Designator/Name:  Old Designator=U1A-92 Old Name=PB12 New Designator =PG13 New Name=156
Change Pin Designator/Name:  Old Designator=U1A-93 Old Name=PB13 New Designator =PG11 New Name=154
Change Pin Designator/Name:  Old Designator=U1A-94 Old Name=PB14 New Designator =PI0 New Name=131
Change Pin Designator/Name:  Old Designator=U1A-95 Old Name=PB15 New Designator =PH13 New Name=128
Change Pin Designator/Name:  Old Designator=U1B-106 Old Name=PG2 New Designator =PH14 New Name=129
Change Pin Designator/Name:  Old Designator=U1B-107 Old Name=PG3 New Designator =PI1 New Name=132
Change Pin Designator/Name:  Old Designator=U1B-108 Old Name=PG4 New Designator =PH15 New Name=130
Change Pin Designator/Name:  Old Designator=U1B-109 Old Name=PG5 New Designator =PI2 New Name=133
Change Pin Designator/Name:  Old Designator=U1B-110 Old Name=PG6 New Designator =PC8 New Name=117
Change Pin Designator/Name:  Old Designator=U1B-111 Old Name=PG7 New Designator =PG8 New Name=112
Change Pin Designator/Name:  Old Designator=U1B-112 Old Name=PG8 New Designator =PG5 New Name=109
Change Pin Designator/Name:  Old Designator=U1A-115 Old Name=PC6 New Designator =PG6 New Name=110
Change Pin Designator/Name:  Old Designator=U1A-116 Old Name=PC7 New Designator =PG3 New Name=107
Change Pin Designator/Name:  Old Designator=U1A-117 Old Name=PC8 New Designator =PB14 New Name=94
Change Pin Designator/Name:  Old Designator=U1A-118 Old Name=PC9 New Designator =PH12 New Name=89
Change Pin Designator/Name:  Old Designator=U1B-128 Old Name=PH13 New Designator =PE6 New Name=5
Change Pin Designator/Name:  Old Designator=U1B-129 Old Name=PH14 New Designator =PE4 New Name=3
Change Pin Designator/Name:  Old Designator=U1B-130 Old Name=PH15 New Designator =PE2 New Name=1
Change Pin Designator/Name:  Old Designator=U1C-131 Old Name=PI0 New Designator =PI6 New Name=175
Change Pin Designator/Name:  Old Designator=U1C-132 Old Name=PI1 New Designator =PI5 New Name=174
Change Pin Designator/Name:  Old Designator=U1C-133 Old Name=PI2 New Designator =PE1 New Name=170
Change Pin Designator/Name:  Old Designator=U1C-134 Old Name=PI3 New Designator =PB8 New Name=167
Change Pin Designator/Name:  Old Designator=U1A-139 Old Name=PC10 New Designator =PH10 New Name=87
Change Pin Designator/Name:  Old Designator=U1A-140 Old Name=PC11 New Designator =PH7 New Name=84
Change Pin Designator/Name:  Old Designator=U1A-141 Old Name=PC12 New Designator =PB10 New Name=79
Change Pin Designator/Name:  Old Designator=U1B-152 Old Name=PG9 New Designator =PG2 New Name=106
Change Pin Designator/Name:  Old Designator=U1B-153 Old Name=PG10 New Designator =PB13 New Name=93
Change Pin Designator/Name:  Old Designator=U1B-154 Old Name=PG11 New Designator =PC10 New Name=139
Change Pin Designator/Name:  Old Designator=U1B-155 Old Name=PG12 New Designator =PH9 New Name=86
Change Pin Designator/Name:  Old Designator=U1B-156 Old Name=PG13 New Designator =PH6 New Name=83
Change Pin Designator/Name:  Old Designator=U1B-160 Old Name=PG15 New Designator =PF15 New Name=65
Change Pin Designator/Name:  Old Designator=U1A-161 Old Name=PB3 New Designator =PE5 New Name=4
Change Pin Designator/Name:  Old Designator=U1A-162 Old Name=PB4 New Designator =PE3 New Name=2
Change Pin Designator/Name:  Old Designator=U1A-163 Old Name=PB5 New Designator =PI7 New Name=176
Change Pin Designator/Name:  Old Designator=U1A-164 Old Name=PB6 New Designator =PE0 New Name=169
Change Pin Designator/Name:  Old Designator=U1A-165 Old Name=PB7 New Designator =PI4 New Name=173
Change Pin Designator/Name:  Old Designator=U1A-167 Old Name=PB8 New Designator =PB9 New Name=168
Change Pin Designator/Name:  Old Designator=U1A-168 Old Name=PB9 New Designator =PB7 New Name=165
Change Pin Designator/Name:  Old Designator=U1B-169 Old Name=PE0 New Designator =PF13 New Name=63
Change Pin Designator/Name:  Old Designator=U1B-170 Old Name=PE1 New Designator =PB2 New Name=58
Change Pin Designator/Name:  Old Designator=U1C-173 Old Name=PI4 New Designator =PB6 New Name=164
Change Pin Designator/Name:  Old Designator=U1C-174 Old Name=PI5 New Designator =PB4 New Name=162
Change Pin Designator/Name:  Old Designator=U1C-175 Old Name=PI6 New Designator =PG15 New Name=160
Change Pin Designator/Name:  Old Designator=U1C-176 Old Name=PI7 New Designator =PG12 New Name=155
