Change Component Designator: Old Designator=D? New Designator=D5
Change Component Designator: Old Designator=DEBUG_JTAG? New Designator=DEBUG_JTAG1
Change Component Designator: Old Designator=DEBUG_STLINK? New Designator=DEBUG_STLINK1
Change Component Designator: Old Designator=DEBUG_STM? New Designator=DEBUG_STM1
Change Component Designator: Old Designator=F? New Designator=F2
Change Component Designator: Old Designator=JP? New Designator=JP1
Change Component Designator: Old Designator=JP? New Designator=JP2
Change Component Designator: Old Designator=JP? New Designator=JP3
Change Component Designator: Old Designator=JP? New Designator=JP4
Change Component Designator: Old Designator=JP? New Designator=JP6
Change Component Designator: Old Designator=JP? New Designator=JP7
Change Component Designator: Old Designator=JP? New Designator=JP8
Change Component Designator: Old Designator=JP? New Designator=JP9
Change Component Designator: Old Designator=JP? New Designator=JP10
Change Component Designator: Old Designator=JP? New Designator=JP11
Change Component Designator: Old Designator=JP_GND? New Designator=JP_GND1
Change Component Designator: Old Designator=JP_GND? New Designator=JP_GND2
Change Component Designator: Old Designator=R? New Designator=R8
Change Component Designator: Old Designator=R? New Designator=R9
Change Component Designator: Old Designator=USB? New Designator=USB2
