Added Component: Designator=LCD1(DB2*17-3.5)
Add component. Clean all parameters for all variants
Added Pin To Net: NetName=FSMC_NE1 Pin=LCD1-1
Added Pin To Net: NetName=FSMC_A18 Pin=LCD1-2
Added Pin To Net: NetName=FSMC_NWE Pin=LCD1-3
Added Pin To Net: NetName=FSMC_NOE Pin=LCD1-4
Added Pin To Net: NetName=NRST Pin=LCD1-5
Added Pin To Net: NetName=FSMC_D0 Pin=LCD1-6
Added Pin To Net: NetName=FSMC_D1 Pin=LCD1-7
Added Pin To Net: NetName=FSMC_D2 Pin=LCD1-8
Added Pin To Net: NetName=FSMC_D3 Pin=LCD1-9
Added Pin To Net: NetName=FSMC_D4 Pin=LCD1-10
Added Pin To Net: NetName=FSMC_D5 Pin=LCD1-11
Added Pin To Net: NetName=FSMC_D6 Pin=LCD1-12
Added Pin To Net: NetName=FSMC_D7 Pin=LCD1-13
Added Pin To Net: NetName=FSMC_D8 Pin=LCD1-14
Added Pin To Net: NetName=FSMC_D9 Pin=LCD1-15
Added Pin To Net: NetName=FSMC_D10 Pin=LCD1-16
Added Pin To Net: NetName=FSMC_D11 Pin=LCD1-17
Added Pin To Net: NetName=FSMC_D12 Pin=LCD1-18
Added Pin To Net: NetName=FSMC_D13 Pin=LCD1-19
Added Pin To Net: NetName=FSMC_D14 Pin=LCD1-20
Added Pin To Net: NetName=FSMC_D15 Pin=LCD1-21
Added Pin To Net: NetName=GND Pin=LCD1-22
Added Pin To Net: NetName=LCD_BL Pin=LCD1-23
Added Pin To Net: NetName=+3.3V Pin=LCD1-24
Added Pin To Net: NetName=+3.3V Pin=LCD1-25
Added Pin To Net: NetName=GND Pin=LCD1-26
Added Pin To Net: NetName=GND Pin=LCD1-27
Added Pin To Net: NetName=+5V Pin=LCD1-28
Added Pin To Net: NetName=T_MISO Pin=LCD1-29
Added Pin To Net: NetName=T_MOSI Pin=LCD1-30
Added Pin To Net: NetName=T_PEN Pin=LCD1-31
Added Pin To Net: NetName=T_CS Pin=LCD1-33
Added Pin To Net: NetName=T_CLK Pin=LCD1-34
Added Member To Class: ClassName=DEVICE Member=Component LCD1 TFT_LCD4.7
