Added Component: Designator=IC2(QFN50P500X500X100-33N)
Add component. Clean all parameters for all variants
Add component (AddParameter): Name = "Datasheet Link"; Value = "https://componentsearchengine.com//ADF4351BCPZ.pdf"; VariantName = "[No Variations]"
Add component (AddParameter): Name = "Manufacturer_Name"; Value = "Analog Devices"; VariantName = "[No Variations]"
Add component (AddParameter): Name = "Manufacturer_Part_Number"; Value = "ADF4351BCPZ"; VariantName = "[No Variations]"
Add component (AddParameter): Name = "Mouser2 Part Number"; Value = "584-ADF4351BCPZ"; VariantName = "[No Variations]"
Add component (AddParameter): Name = "Mouser2 Price/Stock"; Value = "https://www.mouser.com/Search/Refine.aspx?Keyword=584-ADF4351BCPZ"; VariantName = "[No Variations]"
Added Pin To Net: NetName=NetIC2_1 Pin=IC2-1
Added Pin To Net: NetName=NetIC2_2 Pin=IC2-2
Added Pin To Net: NetName=NetIC2_3 Pin=IC2-3
Added Pin To Net: NetName=NetIC2_4 Pin=IC2-4
Added Pin To Net: NetName=NetIC2_5 Pin=IC2-5
Added Pin To Net: NetName=+3.3 Pin=IC2-6
Added Pin To Net: NetName=NetC26_1 Pin=IC2-7
Added Pin To Net: NetName=GND Pin=IC2-8
Added Pin To Net: NetName=GND Pin=IC2-9
Added Pin To Net: NetName=+3.3 Pin=IC2-10
Added Pin To Net: NetName=GND Pin=IC2-11
Added Pin To Net: NetName=NetIC2_12 Pin=IC2-12
Added Pin To Net: NetName=NetIC2_13 Pin=IC2-13
Added Pin To Net: NetName=+3.3 Pin=IC2-16
Added Pin To Net: NetName=+3.3 Pin=IC2-17
Added Pin To Net: NetName=GND Pin=IC2-18
Added Pin To Net: NetName=NetC5_2 Pin=IC2-19
Added Pin To Net: NetName=NetLabel9 Pin=IC2-20
Added Pin To Net: NetName=GND Pin=IC2-21
Added Pin To Net: NetName=NetIC2_22 Pin=IC2-22
Added Pin To Net: NetName=NetC2_1 Pin=IC2-23
Added Pin To Net: NetName=NetC8_1 Pin=IC2-24
Added Pin To Net: NetName=NetIC2_25 Pin=IC2-25
Added Pin To Net: NetName=NetIC2_26 Pin=IC2-26
Added Pin To Net: NetName=GND Pin=IC2-27
Added Pin To Net: NetName=+3.3 Pin=IC2-28
Added Pin To Net: NetName=in Pin=IC2-29
Added Pin To Net: NetName=NetC25_2 Pin=IC2-30
Added Pin To Net: NetName=GND Pin=IC2-31
Added Pin To Net: NetName=+3.3 Pin=IC2-32
Added Pin To Net: NetName=GND Pin=IC2-33
Added Member To Class: ClassName=ADF4351Ô­ÀíÍ¼(¸Ä) Member=Component IC2 ADF4351
