Added Component: Designator=P1(SMA)
Add component. Clean all parameters for all variants
Added Component: Designator=P2(SMA)
Add component. Clean all parameters for all variants
Added Component: Designator=P3(SMA)
Add component. Clean all parameters for all variants
Added Pin To Net: NetName=NetC16_1 Pin=P1-1
Added Pin To Net: NetName=GND Pin=P1-2
Added Pin To Net: NetName=GND Pin=P1-2
Added Pin To Net: NetName=GND Pin=P1-2
Added Pin To Net: NetName=GND Pin=P1-2
Added Pin To Net: NetName=NetC17_2 Pin=P2-1
Added Pin To Net: NetName=GND Pin=P2-2
Added Pin To Net: NetName=GND Pin=P2-2
Added Pin To Net: NetName=GND Pin=P2-2
Added Pin To Net: NetName=GND Pin=P2-2
Added Pin To Net: NetName=NetC19_2 Pin=P3-1
Added Pin To Net: NetName=GND Pin=P3-2
Added Pin To Net: NetName=GND Pin=P3-2
Added Pin To Net: NetName=GND Pin=P3-2
Added Pin To Net: NetName=GND Pin=P3-2
Added Member To Class: ClassName=ADF4351原理图(改) Member=Component P1 SMA
Added Member To Class: ClassName=ADF4351原理图(改) Member=Component P2 SMA
Added Member To Class: ClassName=ADF4351原理图(改) Member=Component P3 SMA
