[0309/195908:ERROR:backend_impl.cc(2020)] Corrupt Index file
[0309/195908:ERROR:cache_util_win.cc(20)] Unable to move the cache: 5
[0309/195908:ERROR:cache_util.cc(134)] Unable to move cache folder C:\ProgramData\Altium\Altium Designer {AE0AECD1-0480-4FB3-9524-718A2D3AA22C}\BrowserCache to C:\ProgramData\Altium\Altium Designer {AE0AECD1-0480-4FB3-9524-718A2D3AA22C}\old_BrowserCache_000
[0309/195908:ERROR:cache_creator.cc(129)] Unable to create cache
[0309/195914:INFO:CONSOLE(97)] "[Report Only] Refused to apply inline style because it violates the following Content Security Policy directive: "default-src 'self'". Either the 'unsafe-inline' keyword, a hash ('sha256-sCi0B3wc/vfXE9P6I6phPdiJae7zjeuXHqR++uwv+VE='), or a nonce ('nonce-...') is required to enable inline execution. Note also that 'style-src' was not explicitly set, so 'default-src' is used as a fallback.
", source: https://www.altium.com/ad-start (97)
[0309/195914:INFO:CONSOLE(99)] "[Report Only] Refused to apply inline style because it violates the following Content Security Policy directive: "default-src 'self'". Either the 'unsafe-inline' keyword, a hash ('sha256-sCi0B3wc/vfXE9P6I6phPdiJae7zjeuXHqR++uwv+VE='), or a nonce ('nonce-...') is required to enable inline execution. Note also that 'style-src' was not explicitly set, so 'default-src' is used as a fallback.
", source: https://www.altium.com/ad-start (99)
[0309/201018:WARNING:dns_config_service_win.cc(665)] Failed to read DnsConfig.
[0309/225739:ERROR:backend_impl.cc(2020)] Corrupt Index file
[0309/225739:ERROR:cache_util_win.cc(20)] Unable to move the cache: 5
[0309/225739:ERROR:cache_util.cc(134)] Unable to move cache folder C:\ProgramData\Altium\Altium Designer {AE0AECD1-0480-4FB3-9524-718A2D3AA22C}\BrowserCache to C:\ProgramData\Altium\Altium Designer {AE0AECD1-0480-4FB3-9524-718A2D3AA22C}\old_BrowserCache_000
[0309/225739:ERROR:cache_creator.cc(129)] Unable to create cache
[0309/225742:INFO:CONSOLE(97)] "[Report Only] Refused to apply inline style because it violates the following Content Security Policy directive: "default-src 'self'". Either the 'unsafe-inline' keyword, a hash ('sha256-sCi0B3wc/vfXE9P6I6phPdiJae7zjeuXHqR++uwv+VE='), or a nonce ('nonce-...') is required to enable inline execution. Note also that 'style-src' was not explicitly set, so 'default-src' is used as a fallback.
", source: https://www.altium.com/ad-start (97)
[0309/225742:INFO:CONSOLE(99)] "[Report Only] Refused to apply inline style because it violates the following Content Security Policy directive: "default-src 'self'". Either the 'unsafe-inline' keyword, a hash ('sha256-sCi0B3wc/vfXE9P6I6phPdiJae7zjeuXHqR++uwv+VE='), or a nonce ('nonce-...') is required to enable inline execution. Note also that 'style-src' was not explicitly set, so 'default-src' is used as a fallback.
", source: https://www.altium.com/ad-start (99)
[0309/225743:INFO:CONSOLE(113)] "[Report Only] Refused to execute inline script because it violates the following Content Security Policy directive: "default-src 'self'". Either the 'unsafe-inline' keyword, a hash ('sha256-7jjiHjsngYNMXK1A5PJQ+6CxDp9rzcSKCHyUB05DAlI='), or a nonce ('nonce-...') is required to enable inline execution. Note also that 'script-src' was not explicitly set, so 'default-src' is used as a fallback.
", source: https://www.altium.com/ad-start (113)
[0309/225743:INFO:CONSOLE(176)] "[Report Only] Refused to apply inline style because it violates the following Content Security Policy directive: "default-src 'self'". Either the 'unsafe-inline' keyword, a hash ('sha256-9ifvWSfBhB3VCi1vNujhJ1HWnI9fz1I4WDTb4J7SjBo='), or a nonce ('nonce-...') is required to enable inline execution. Note also that 'style-src' was not explicitly set, so 'default-src' is used as a fallback.
", source: https://www.altium.com/ad-start (176)
[0310/071410:WARNING:dns_config_service_win.cc(665)] Failed to read DnsConfig.
[0310/080626:WARNING:dns_config_service_win.cc(665)] Failed to read DnsConfig.
[0310/080626:WARNING:dns_config_service_win.cc(665)] Failed to read DnsConfig.
[0310/080640:WARNING:dns_config_service_win.cc(665)] Failed to read DnsConfig.
[0310/080645:WARNING:dns_config_service_win.cc(665)] Failed to read DnsConfig.
[0310/080650:WARNING:dns_config_service_win.cc(665)] Failed to read DnsConfig.
